-------------------------------------------------------------------------------
Test set: amir.markovAPI.test-services.TestMarkov
-------------------------------------------------------------------------------
Tests run: 5, Failures: 0, Errors: 5, Skipped: 0, Time elapsed: 0.001 s <<< FAILURE! - in amir.markovAPI.test-services.TestMarkov
testGetElementsHelperFunction  Time elapsed: 0 s  <<< ERROR!
java.lang.Error: 
Unresolved compilation problem: 
	The declared package "" does not match the expected package "amir.markovAPI.test-services"

	at amir.markovAPI.test-services.TestMarkov.<init>(TestMarkov.java:1)

standardTestMarkovOutout  Time elapsed: 0 s  <<< ERROR!
java.lang.Error: 
Unresolved compilation problem: 
	The declared package "" does not match the expected package "amir.markovAPI.test-services"

	at amir.markovAPI.test-services.TestMarkov.<init>(TestMarkov.java:1)

extremeTestMarkovChain  Time elapsed: 0 s  <<< ERROR!
java.lang.Error: 
Unresolved compilation problem: 
	The declared package "" does not match the expected package "amir.markovAPI.test-services"

	at amir.markovAPI.test-services.TestMarkov.<init>(TestMarkov.java:1)

standardTestMarkovChain  Time elapsed: 0.001 s  <<< ERROR!
java.lang.Error: 
Unresolved compilation problem: 
	The declared package "" does not match the expected package "amir.markovAPI.test-services"

	at amir.markovAPI.test-services.TestMarkov.<init>(TestMarkov.java:1)

extremeTestMarkovOutout  Time elapsed: 0 s  <<< ERROR!
java.lang.Error: 
Unresolved compilation problem: 
	The declared package "" does not match the expected package "amir.markovAPI.test-services"

	at amir.markovAPI.test-services.TestMarkov.<init>(TestMarkov.java:1)

