-------------------------------------------------------------------------------
Test set: amir.markovAPI.test-services.TestIO
-------------------------------------------------------------------------------
Tests run: 2, Failures: 0, Errors: 2, Skipped: 0, Time elapsed: 0 s <<< FAILURE! - in amir.markovAPI.test-services.TestIO
testTextFileParser  Time elapsed: 0 s  <<< ERROR!
java.lang.Error: 
Unresolved compilation problem: 
	The declared package "" does not match the expected package "amir.markovAPI.test-services"

	at amir.markovAPI.test-services.TestIO.<init>(TestIO.java:1)

testTextToWords  Time elapsed: 0 s  <<< ERROR!
java.lang.Error: 
Unresolved compilation problem: 
	The declared package "" does not match the expected package "amir.markovAPI.test-services"

	at amir.markovAPI.test-services.TestIO.<init>(TestIO.java:1)

